-- ============================================================
-- Test suite for pg_ac extension
-- Verifies both ASCII and UTF-8 (Cyrillic, diacritics) support
-- ============================================================
\echo '=== Creating extension ==='
=== Creating extension ===
CREATE EXTENSION IF NOT EXISTS pg_ac;
\echo '=== Initializing automaton storage ==='
=== Initializing automaton storage ===
SELECT ac_init();
 ac_init 
---------
 t
(1 row)

\echo '=== Building ASCII automata ==='
=== Building ASCII automata ===
-- 1: English words from tsvector (Dogs, cats, pets...)
SELECT ac_build(to_tsvector('english', 'Dogs and cats are the best pets')) AS id1;
 id1 
-----
   1
(1 row)

-- 2: another tsvector
SELECT ac_build(to_tsvector('english', 'Dogs are the best pets')) AS id2;
 id2 
-----
   2
(1 row)

-- 3: yet another
SELECT ac_build(to_tsvector('english', 'Cats are the best pets')) AS id3;
 id3 
-----
   3
(1 row)

-- 4: Snakes
SELECT ac_build(to_tsvector('english', 'Snakes are the best animals')) AS id4;
 id4 
-----
   4
(1 row)

-- 5: Quick brown fox...
SELECT ac_build(to_tsvector('english', 'Quick brown fox jumps over the lazy dog')) AS id5;
 id5 
-----
   5
(1 row)

-- 6: array of English words
SELECT ac_build(ARRAY['quick', 'brown', 'fox', 'jumps', 'over', 'the', 'lazy', 'dog']) AS id6;
 id6 
-----
   6
(1 row)

\echo '=== Search tests with tsquery (automaton 1) ==='
=== Search tests with tsquery (automaton 1) ===
SELECT ac_search(1, to_tsquery('english', 'dog & cat')) AS should_be_true;
 should_be_true 
----------------
 t
(1 row)

SELECT ac_search(1, to_tsquery('english', '!dog & !cat')) AS should_be_false;
 should_be_false 
-----------------
 f
(1 row)

SELECT ac_search(1, to_tsquery('english', 'dog | snake')) AS should_be_true;
 should_be_true 
----------------
 t
(1 row)

\echo '=== Search tests (automaton 2) ==='
=== Search tests (automaton 2) ===
SELECT ac_search(2, to_tsquery('english', 'pet & (cat | dog)')) AS should_be_true;
 should_be_true 
----------------
 t
(1 row)

SELECT ac_search(2, to_tsquery('english', 'pet & !(cat | dog)')) AS should_be_false;
 should_be_false 
-----------------
 f
(1 row)

SELECT ac_search(2, to_tsquery('english', 'likely')) AS should_be_false;
 should_be_false 
-----------------
 f
(1 row)

\echo '=== Search tests (automaton 3) ==='
=== Search tests (automaton 3) ===
SELECT ac_search(3, to_tsquery('english', 'pet & (dog | cat)')) AS should_be_true;
 should_be_true 
----------------
 t
(1 row)

SELECT ac_search(3, to_tsquery('english', 'pet & !(dog | cat)')) AS should_be_false;
 should_be_false 
-----------------
 f
(1 row)

SELECT ac_search(3, to_tsquery('english', '')) AS should_be_false;   -- empty query
NOTICE:  text-search query doesn't contain lexemes: ""
 should_be_false 
-----------------
 f
(1 row)

\echo '=== Search tests (automaton 4) ==='
=== Search tests (automaton 4) ===
SELECT ac_search(4, to_tsquery('english', 'are')) AS should_be_false;                -- stop word
NOTICE:  text-search query contains only stop words or doesn't contain lexemes, ignored
 should_be_false 
-----------------
 f
(1 row)

SELECT ac_search(4, to_tsquery('english', 'pet & (dog | cat)')) AS should_be_false;
 should_be_false 
-----------------
 f
(1 row)

SELECT ac_search(4, to_tsquery('english', 'the')) AS should_be_false;                -- stop word
NOTICE:  text-search query contains only stop words or doesn't contain lexemes, ignored
 should_be_false 
-----------------
 f
(1 row)

\echo '=== Ranking and ac_match tests (automata 5, 6) ==='
=== Ranking and ac_match tests (automata 5, 6) ===
SELECT ac_rank_simple(5, 'jump dog fox') AS rank_0_5;
 rank_0_5 
----------
      0.5
(1 row)

SELECT ac_rank_simple(5, 'fox') AS rank_0_1667;
 rank_0_1667 
-------------
  0.16666667
(1 row)

SELECT ac_rank_simple(5, 'pink horse') AS rank_0;
 rank_0 
--------
      0
(1 row)

SELECT ac_match(5, 'quick quick jump dog fox') AS matches_5;   -- {1,1,4,8,3}
  matches_5  
-------------
 {1,1,4,8,3}
(1 row)

SELECT ac_match(6, 'quick quick jump dog fox') AS matches_6;   -- {1,1,8,3}
 matches_6 
-----------
 {1,1,8,3}
(1 row)

\echo '=== Building UTF-8 automata (Cyrillic words) ==='
=== Building UTF-8 automata (Cyrillic words) ===
-- ID will be 7
SELECT ac_build(ARRAY['привет', 'мир', 'пока', 'до свидания', 'здравствуй']) AS id_russian;
 id_russian 
------------
          7
(1 row)

\echo '=== Building UTF-8 automata (diacritics) ==='
=== Building UTF-8 automata (diacritics) ===
-- ID will be 8
SELECT ac_build(ARRAY['café', 'résumé', 'über', 'straße', 'façade']) AS id_accent;
 id_accent 
-----------
         8
(1 row)

\echo '=== Search tests with Cyrillic text (ac_search) ==='
=== Search tests with Cyrillic text (ac_search) ===
SELECT ac_search(7, 'привет мир!') AS should_be_true;
 should_be_true 
----------------
 t
(1 row)

SELECT ac_search(7, 'пока, друзья') AS should_be_true;
 should_be_true 
----------------
 t
(1 row)

SELECT ac_search(7, 'до свидания, мир') AS should_be_true;
 should_be_true 
----------------
 t
(1 row)

SELECT ac_search(7, 'здравствуйте') AS should_be_true;
 should_be_true 
----------------
 t
(1 row)

SELECT ac_search(7, 'hello world') AS should_be_false;
 should_be_false 
-----------------
 f
(1 row)

SELECT ac_search(7, 'goodbye') AS should_be_false;
 should_be_false 
-----------------
 f
(1 row)

\echo '=== ac_match tests with Cyrillic text ==='
=== ac_match tests with Cyrillic text ===
SELECT ac_match(7, 'привет пока мир') AS matches_russian;   -- {1,3,2}
 matches_russian 
-----------------
 {1,3,2}
(1 row)

\echo '=== Search tests with diacritics ==='
=== Search tests with diacritics ===
SELECT ac_search(8, 'café résumé') AS should_be_true;
 should_be_true 
----------------
 t
(1 row)

SELECT ac_search(8, 'über die Straße') AS should_be_true;
 should_be_true 
----------------
 t
(1 row)

SELECT ac_search(8, 'façade') AS should_be_true;
 should_be_true 
----------------
 t
(1 row)

SELECT ac_search(8, 'cafe') AS should_be_false;   -- missing accent
 should_be_false 
-----------------
 f
(1 row)

\echo '=== ac_match tests with diacritics ==='
=== ac_match tests with diacritics ===
SELECT ac_match(8, 'café résumé') AS matches_accent;   -- {1,2}
 matches_accent 
----------------
 {1,2}
(1 row)

\echo '=== Cleanup ==='
=== Cleanup ===
SELECT ac_fini();
 ac_fini 
---------
 t
(1 row)

DROP EXTENSION pg_ac CASCADE;
\echo '=== All tests passed ==='
=== All tests passed ===
